<?xml version="1.0" encoding="UTF-8"?>
<!-- Generated by org.testng.reporters.JUnitReportReporter -->
<testsuite hostname="DESKTOP-16N5B52" failures="0" tests="1" name="test.LoginTest" time="6.105" errors="0" timestamp="2021-11-26T17:12:48 CST" skipped="0">
  <testcase classname="test.LoginTest" name="validUserShouldBeAbleToLoginTest" time="6.105"/>
  <system-out/>
</testsuite> <!-- test.LoginTest -->
