<?xml version="1.0" encoding="UTF-8"?>
<!-- Generated by org.testng.reporters.JUnitReportReporter -->
<testsuite hostname="DESKTOP-16N5B52" failures="0" tests="1" name="test.addCustomerTest" time="9.075" errors="0" timestamp="2021-11-26T21:56:05 CST" skipped="0">
  <testcase classname="test.addCustomerTest" name="validUserShouldBeAbleToAddCustomer" time="9.075"/>
  <system-out/>
</testsuite> <!-- test.addCustomerTest -->
